The system is: Windows - 10.0.19041 - AMD64
Compiling the C compiler identification source file "CMakeCCompilerId.c" succeeded.
Compiler: D:/visual_studio/VC/Tools/MSVC/14.27.29110/bin/Hostx64/x64/cl.exe 
Build flags: 
Id flags:  

The output was:
0
Microsoft (R) C/C++ Optimizing Compiler Version 19.27.29111 for x64
Copyright (C) Microsoft Corporation.  All rights reserved.

CMakeCCompilerId.c
Microsoft (R) Incremental Linker Version 14.27.29111.0
Copyright (C) Microsoft Corporation.  All rights reserved.

/out:CMakeCCompilerId.exe 
CMakeCCompilerId.obj 


Compilation of the C compiler identification source "CMakeCCompilerId.c" produced "CMakeCCompilerId.exe"

Compilation of the C compiler identification source "CMakeCCompilerId.c" produced "CMakeCCompilerId.obj"

The C compiler identification is MSVC, found in "D:/tcp/out/build/x64-Debug/CMakeFiles/3.17.20032601-MSVC_2/CompilerIdC/CMakeCCompilerId.exe"

Compiling the CXX compiler identification source file "CMakeCXXCompilerId.cpp" succeeded.
Compiler: D:/visual_studio/VC/Tools/MSVC/14.27.29110/bin/Hostx64/x64/cl.exe 
Build flags: 
Id flags:  

The output was:
0
Microsoft (R) C/C++ Optimizing Compiler Version 19.27.29111 for x64
Copyright (C) Microsoft Corporation.  All rights reserved.

CMakeCXXCompilerId.cpp
Microsoft (R) Incremental Linker Version 14.27.29111.0
Copyright (C) Microsoft Corporation.  All rights reserved.

/out:CMakeCXXCompilerId.exe 
CMakeCXXCompilerId.obj 


Compilation of the CXX compiler identification source "CMakeCXXCompilerId.cpp" produced "CMakeCXXCompilerId.exe"

Compilation of the CXX compiler identification source "CMakeCXXCompilerId.cpp" produced "CMakeCXXCompilerId.obj"

The CXX compiler identification is MSVC, found in "D:/tcp/out/build/x64-Debug/CMakeFiles/3.17.20032601-MSVC_2/CompilerIdCXX/CMakeCXXCompilerId.exe"

Determining if the C compiler works passed with the following output:
Change Dir: D:/tcp/out/build/x64-Debug/CMakeFiles/CMakeTmp

Run Build Command(s):D:\VISUAL_STUDIO\COMMON7\IDE\COMMONEXTENSIONS\MICROSOFT\CMAKE\Ninja\ninja.exe cmTC_c08ae && [1/2] Building C object CMakeFiles\cmTC_c08ae.dir\testCCompiler.c.obj
[2/2] Linking C executable cmTC_c08ae.exe



Detecting C compiler ABI info compiled with the following output:
Change Dir: D:/tcp/out/build/x64-Debug/CMakeFiles/CMakeTmp

Run Build Command(s):D:\VISUAL_STUDIO\COMMON7\IDE\COMMONEXTENSIONS\MICROSOFT\CMAKE\Ninja\ninja.exe cmTC_5cb1a && [1/2] Building C object CMakeFiles\cmTC_5cb1a.dir\CMakeCCompilerABI.c.obj
[2/2] Linking C executable cmTC_5cb1a.exe



Determining if the CXX compiler works passed with the following output:
Change Dir: D:/tcp/out/build/x64-Debug/CMakeFiles/CMakeTmp

Run Build Command(s):D:\VISUAL_STUDIO\COMMON7\IDE\COMMONEXTENSIONS\MICROSOFT\CMAKE\Ninja\ninja.exe cmTC_c2938 && [1/2] Building CXX object CMakeFiles\cmTC_c2938.dir\testCXXCompiler.cxx.obj
[2/2] Linking CXX executable cmTC_c2938.exe



Detecting CXX compiler ABI info compiled with the following output:
Change Dir: D:/tcp/out/build/x64-Debug/CMakeFiles/CMakeTmp

Run Build Command(s):D:\VISUAL_STUDIO\COMMON7\IDE\COMMONEXTENSIONS\MICROSOFT\CMAKE\Ninja\ninja.exe cmTC_7de06 && [1/2] Building CXX object CMakeFiles\cmTC_7de06.dir\CMakeCXXCompilerABI.cpp.obj
[2/2] Linking CXX executable cmTC_7de06.exe



